<?xml version="1.0" encoding="UTF-8"?>
<!-- Generated by org.testng.reporters.JUnitReportReporter -->
<testsuite skipped="0" hostname="Yus-MacBook-Pro.local" name="automationTest.CheckOoutTestTest" tests="1" failures="0" timestamp="11 Mar 2018 02:07:09 GMT" time="4.039" errors="0">
  <testcase name="testCheckout" time="4.039" classname="automationTest.CheckOoutTestTest"/>
</testsuite> <!-- automationTest.CheckOoutTestTest -->
