<?xml version="1.0" encoding="UTF-8"?>
<!-- Generated by org.testng.reporters.JUnitReportReporter -->
<testsuite skipped="0" hostname="Yus-MacBook-Pro.local" name="automationTest.CheckoutTest" tests="1" failures="0" timestamp="11 Mar 2018 02:10:34 GMT" time="4.621" errors="0">
  <testcase name="testCheckout" time="4.621" classname="automationTest.CheckoutTest"/>
</testsuite> <!-- automationTest.CheckoutTest -->
