<?xml version="1.0" encoding="UTF-8"?>
<!-- Generated by org.testng.reporters.JUnitReportReporter -->
<testsuite skipped="0" hostname="Yus-MacBook-Pro.local" name="automationTest.CheckOoutTest" tests="1" failures="0" timestamp="11 Mar 2018 02:09:52 GMT" time="4.866" errors="0">
  <testcase name="testCheckout" time="4.866" classname="automationTest.CheckOoutTest"/>
</testsuite> <!-- automationTest.CheckOoutTest -->
