<?xml version="1.0" encoding="UTF-8"?>
<!-- Generated by org.testng.reporters.JUnitReportReporter -->
<testsuite skipped="0" hostname="Yus-MacBook-Pro.local" name="automationTest.ShoppingSiteTest" tests="2" failures="0" timestamp="13 Mar 2018 00:59:18 GMT" time="16.648" errors="0">
  <testcase name="testRegister" time="7.196" classname="automationTest.ShoppingSiteTest"/>
  <testcase name="testCheckout" time="9.452" classname="automationTest.ShoppingSiteTest"/>
</testsuite> <!-- automationTest.ShoppingSiteTest -->
